
[2025-08-24 15:34:44]
Chat: -1001835476739 (OFF TOPIC Yo-Kai Watch ItaliaðŸ‡®ðŸ‡¹)
Admin: 6322359368 (Hir)
Azione: Yokai Aggiunto -> pupomimo a @Nightmarekinggrimm4

-----------------------------------------

[2025-08-25 19:07:59]
Chat: -1001835476739 (OFF TOPIC Yo-Kai Watch ItaliaðŸ‡®ðŸ‡¹)
Admin: 7244923927 (çŽ‹ ð“¥Ô¾à¹€ê€¸ çŽ‹)
Azione: Kai Aggiunti -> -35 Kai a @Santorgio31

-----------------------------------------

[2025-08-25 19:08:16]
Chat: -1001835476739 (OFF TOPIC Yo-Kai Watch ItaliaðŸ‡®ðŸ‡¹)
Admin: 7244923927 (çŽ‹ ð“¥Ô¾à¹€ê€¸ çŽ‹)
Azione: Kai Aggiunti -> 2 Kai a @Santorgio31

-----------------------------------------

[2025-08-25 19:08:36]
Chat: -1001835476739 (OFF TOPIC Yo-Kai Watch ItaliaðŸ‡®ðŸ‡¹)
Admin: 7244923927 (çŽ‹ ð“¥Ô¾à¹€ê€¸ çŽ‹)
Azione: Kai Aggiunti -> 40 Kai a @Santorgio31

-----------------------------------------

[2025-08-25 19:10:35]
Chat: -1001835476739 (OFF TOPIC Yo-Kai Watch ItaliaðŸ‡®ðŸ‡¹)
Admin: 7244923927 (çŽ‹ ð“¥Ô¾à¹€ê€¸ çŽ‹)
Azione: Kai Aggiunti -> 40 Kai a @TheOFAHeroZeRo

-----------------------------------------

[2025-08-25 19:11:40]
Chat: -1001835476739 (OFF TOPIC Yo-Kai Watch ItaliaðŸ‡®ðŸ‡¹)
Admin: 7244923927 (çŽ‹ ð“¥Ô¾à¹€ê€¸ çŽ‹)
Azione: Kai Aggiunti -> 1 Kai a @Valletto_yokai

-----------------------------------------

[2025-08-25 19:12:14]
Chat: -1001835476739 (OFF TOPIC Yo-Kai Watch ItaliaðŸ‡®ðŸ‡¹)
Admin: 7244923927 (çŽ‹ ð“¥Ô¾à¹€ê€¸ çŽ‹)
Azione: Kai Aggiunti -> -9999999999999999999 Kai a @Santorgio31

-----------------------------------------

[2025-08-25 19:13:13]
Chat: -1001835476739 (OFF TOPIC Yo-Kai Watch ItaliaðŸ‡®ðŸ‡¹)
Admin: 7244923927 (çŽ‹ ð“¥Ô¾à¹€ê€¸ çŽ‹)
Azione: Kai Aggiunti -> 9999999999999999999 Kai a @Santorgio31

-----------------------------------------

[2025-08-25 19:14:47]
Chat: -1001835476739 (OFF TOPIC Yo-Kai Watch ItaliaðŸ‡®ðŸ‡¹)
Admin: 7244923927 (çŽ‹ ð“¥Ô¾à¹€ê€¸ çŽ‹)
Azione: Kai Aggiunti -> 104104104 Kai a @Santorgio31

-----------------------------------------

[2025-08-25 19:15:56]
Chat: -1001835476739 (OFF TOPIC Yo-Kai Watch ItaliaðŸ‡®ðŸ‡¹)
Admin: 7244923927 (çŽ‹ ð“¥Ô¾à¹€ê€¸ çŽ‹)
Azione: Kai Aggiunti -> -10410410 Kai a @Santorgio31

-----------------------------------------

[2025-08-25 19:17:05]
Chat: -1001835476739 (OFF TOPIC Yo-Kai Watch ItaliaðŸ‡®ðŸ‡¹)
Admin: 7244923927 (çŽ‹ ð“¥Ô¾à¹€ê€¸ çŽ‹)
Azione: Yokai Aggiunto -> whisper a @Valletto_yokai

-----------------------------------------

[2025-08-25 19:18:12]
Chat: -1001835476739 (OFF TOPIC Yo-Kai Watch ItaliaðŸ‡®ðŸ‡¹)
Admin: 7244923927 (çŽ‹ ð“¥Ô¾à¹€ê€¸ çŽ‹)
Azione: Kai Aggiunti -> 2 Kai a @Nightmarekinggrimm4

-----------------------------------------

[2025-08-25 19:19:57]
Chat: -1001835476739 (OFF TOPIC Yo-Kai Watch ItaliaðŸ‡®ðŸ‡¹)
Admin: 7244923927 (çŽ‹ ð“¥Ô¾à¹€ê€¸ çŽ‹)
Azione: Kai Aggiunti -> 40 Kai a @Nightmarekinggrimm4

-----------------------------------------

[2025-08-25 19:21:27]
Chat: -1001835476739 (OFF TOPIC Yo-Kai Watch ItaliaðŸ‡®ðŸ‡¹)
Admin: 7244923927 (çŽ‹ ð“¥Ô¾à¹€ê€¸ çŽ‹)
Azione: Yokai Aggiunto -> mutavisia a @Santorgio31

-----------------------------------------

[2025-08-25 19:37:44]
Chat: -1001835476739 (OFF TOPIC Yo-Kai Watch ItaliaðŸ‡®ðŸ‡¹)
Admin: 7244923927 (çŽ‹ ð“¥Ô¾à¹€ê€¸ çŽ‹)
Azione: Yokai Aggiunto -> sfericca a @Valletto_yokai

-----------------------------------------

[2025-08-25 19:37:58]
Chat: -1001835476739 (OFF TOPIC Yo-Kai Watch ItaliaðŸ‡®ðŸ‡¹)
Admin: 7244923927 (çŽ‹ ð“¥Ô¾à¹€ê€¸ çŽ‹)
Azione: Yokai Aggiunto -> sfericca a @Valletto_yokai

-----------------------------------------

[2025-08-25 19:42:59]
Chat: -1001835476739 (OFF TOPIC Yo-Kai Watch ItaliaðŸ‡®ðŸ‡¹)
Admin: 7244923927 (çŽ‹ ð“¥Ô¾à¹€ê€¸ çŽ‹)
Azione: Yokai Aggiunto -> enma humbra a @IDarkV0id

-----------------------------------------

[2025-08-25 22:18:35]
Chat: -1001835476739 (OFF TOPIC Yo-Kai Watch ItaliaðŸ‡®ðŸ‡¹)
Admin: 7244923927 (çŽ‹ ð“¥Ô¾à¹€ê€¸ çŽ‹)
Azione: Kai Aggiunti -> -93693679 Kai a @llConsigliatore

-----------------------------------------

[2025-08-25 22:44:43]
Chat: -1001817317254 (STAFFER YO KAI WATCH)
Admin: 1022822918 (ð™²ðš›ðšŽðšŽðš‰)
Azione: Yokai Rimosso -> bi-canom (id 480) a @CreeZ13

-----------------------------------------

[2025-08-25 22:45:05]
Chat: -1001817317254 (STAFFER YO KAI WATCH)
Admin: 6322359368 (Hir)
Azione: Yokai Rimosso -> whisper (id 564) a @CreeZ13

-----------------------------------------

[2025-08-25 22:46:00]
Chat: -1001817317254 (STAFFER YO KAI WATCH)
Admin: 1022822918 (ð™²ðš›ðšŽðšŽðš‰)
Azione: Yokai Rimosso -> uccelladro (id 471) a @CreeZ13

-----------------------------------------

[2025-08-25 22:47:16]
Chat: -1001817317254 (STAFFER YO KAI WATCH)
Admin: 7244923927 (çŽ‹ ð“¥Ô¾à¹€ê€¸ çŽ‹)
Azione: Yokai Rimosso -> whisper (id 564) a @Valletto_yokai

-----------------------------------------

[2025-08-25 22:47:53]
Chat: -1001817317254 (STAFFER YO KAI WATCH)
Admin: 7244923927 (çŽ‹ ð“¥Ô¾à¹€ê€¸ çŽ‹)
Azione: Yokai Aggiunto -> whisper (id 564) a @Valletto_yokai

-----------------------------------------

[2025-08-27 15:07:09]
Chat: -1001817317254 (STAFFER YO KAI WATCH)
Admin: 1022822918 (ð™²ðš›ðšŽðšŽðš‰)
Azione: Yokai Aggiunto -> whisper (id 564) a @CreeZ13

-----------------------------------------

[2025-08-27 15:08:34]
Chat: -1001817317254 (STAFFER YO KAI WATCH)
Admin: 7244923927 (Enma Void (DOMANI IL MONDO ASTRALE))
Azione: Yokai Aggiunto -> saiborg y (id 593) a @Riccardo1107

-----------------------------------------

[2025-08-27 15:08:44]
Chat: -1001817317254 (STAFFER YO KAI WATCH)
Admin: 6322359368 (Hir)
Azione: Yokai Aggiunto -> fradicina (id 494) a @CreeZ13

-----------------------------------------

